mode: set
keuangan-pribadi/controllers/category.go:16.50,20.2 1 1
keuangan-pribadi/controllers/category.go:22.60,25.16 2 1
keuangan-pribadi/controllers/category.go:25.16,30.3 1 0
keuangan-pribadi/controllers/category.go:32.2,36.4 1 1
keuangan-pribadi/controllers/category.go:39.61,44.16 3 1
keuangan-pribadi/controllers/category.go:44.16,49.3 1 1
keuangan-pribadi/controllers/category.go:51.2,55.4 1 1
keuangan-pribadi/controllers/category.go:58.60,61.47 2 1
keuangan-pribadi/controllers/category.go:61.47,66.3 1 0
keuangan-pribadi/controllers/category.go:68.2,69.58 2 1
keuangan-pribadi/controllers/category.go:69.58,74.6 1 1
keuangan-pribadi/controllers/category.go:76.2,78.16 2 1
keuangan-pribadi/controllers/category.go:78.16,83.3 1 0
keuangan-pribadi/controllers/category.go:85.2,89.4 1 1
keuangan-pribadi/controllers/category.go:92.60,97.47 3 1
keuangan-pribadi/controllers/category.go:97.47,102.3 1 0
keuangan-pribadi/controllers/category.go:104.2,105.58 2 1
keuangan-pribadi/controllers/category.go:105.58,110.6 1 1
keuangan-pribadi/controllers/category.go:112.2,114.16 2 1
keuangan-pribadi/controllers/category.go:114.16,119.3 1 0
keuangan-pribadi/controllers/category.go:121.2,125.4 1 1
keuangan-pribadi/controllers/category.go:128.60,133.16 3 1
keuangan-pribadi/controllers/category.go:133.16,138.3 1 1
keuangan-pribadi/controllers/category.go:140.2,143.4 1 1
keuangan-pribadi/controllers/detail_saving.go:17.58,21.2 1 0
keuangan-pribadi/controllers/detail_saving.go:23.64,25.20 2 0
keuangan-pribadi/controllers/detail_saving.go:25.20,30.6 1 0
keuangan-pribadi/controllers/detail_saving.go:31.2,35.16 3 0
keuangan-pribadi/controllers/detail_saving.go:35.16,40.3 1 0
keuangan-pribadi/controllers/detail_saving.go:42.2,46.4 1 0
keuangan-pribadi/controllers/detail_saving.go:49.65,51.20 2 0
keuangan-pribadi/controllers/detail_saving.go:51.20,56.6 1 0
keuangan-pribadi/controllers/detail_saving.go:57.2,63.16 4 0
keuangan-pribadi/controllers/detail_saving.go:63.16,68.3 1 0
keuangan-pribadi/controllers/detail_saving.go:70.2,74.4 1 0
keuangan-pribadi/controllers/detail_saving.go:77.64,79.20 2 0
keuangan-pribadi/controllers/detail_saving.go:79.20,84.6 1 0
keuangan-pribadi/controllers/detail_saving.go:85.2,89.51 3 0
keuangan-pribadi/controllers/detail_saving.go:89.51,94.3 1 0
keuangan-pribadi/controllers/detail_saving.go:96.2,97.62 2 0
keuangan-pribadi/controllers/detail_saving.go:97.62,102.6 1 0
keuangan-pribadi/controllers/detail_saving.go:104.2,106.16 2 0
keuangan-pribadi/controllers/detail_saving.go:106.16,111.3 1 0
keuangan-pribadi/controllers/detail_saving.go:113.2,117.4 1 0
keuangan-pribadi/controllers/detail_saving.go:120.64,122.20 2 0
keuangan-pribadi/controllers/detail_saving.go:122.20,127.6 1 0
keuangan-pribadi/controllers/detail_saving.go:128.2,134.51 4 0
keuangan-pribadi/controllers/detail_saving.go:134.51,139.3 1 0
keuangan-pribadi/controllers/detail_saving.go:141.2,142.62 2 0
keuangan-pribadi/controllers/detail_saving.go:142.62,147.6 1 0
keuangan-pribadi/controllers/detail_saving.go:149.2,151.16 2 0
keuangan-pribadi/controllers/detail_saving.go:151.16,156.3 1 0
keuangan-pribadi/controllers/detail_saving.go:158.2,162.4 1 0
keuangan-pribadi/controllers/detail_saving.go:165.64,167.20 2 0
keuangan-pribadi/controllers/detail_saving.go:167.20,172.6 1 0
keuangan-pribadi/controllers/detail_saving.go:173.2,179.16 4 0
keuangan-pribadi/controllers/detail_saving.go:179.16,184.3 1 0
keuangan-pribadi/controllers/detail_saving.go:186.2,189.4 1 0
keuangan-pribadi/controllers/finance.go:18.48,22.2 1 1
keuangan-pribadi/controllers/finance.go:24.59,26.20 2 1
keuangan-pribadi/controllers/finance.go:26.20,31.6 1 1
keuangan-pribadi/controllers/finance.go:32.2,36.16 3 1
keuangan-pribadi/controllers/finance.go:36.16,41.3 1 0
keuangan-pribadi/controllers/finance.go:43.2,47.4 1 1
keuangan-pribadi/controllers/finance.go:50.60,52.20 2 1
keuangan-pribadi/controllers/finance.go:52.20,57.6 1 1
keuangan-pribadi/controllers/finance.go:58.2,64.16 4 1
keuangan-pribadi/controllers/finance.go:64.16,69.3 1 1
keuangan-pribadi/controllers/finance.go:71.2,75.4 1 0
keuangan-pribadi/controllers/finance.go:78.59,80.20 2 1
keuangan-pribadi/controllers/finance.go:80.20,85.6 1 1
keuangan-pribadi/controllers/finance.go:86.2,89.16 3 1
keuangan-pribadi/controllers/finance.go:89.16,94.3 1 1
keuangan-pribadi/controllers/finance.go:96.2,97.16 2 1
keuangan-pribadi/controllers/finance.go:97.16,102.3 1 1
keuangan-pribadi/controllers/finance.go:104.2,106.16 2 1
keuangan-pribadi/controllers/finance.go:106.16,111.3 1 0
keuangan-pribadi/controllers/finance.go:113.2,117.4 1 1
keuangan-pribadi/controllers/finance.go:120.59,122.20 2 1
keuangan-pribadi/controllers/finance.go:122.20,127.6 1 1
keuangan-pribadi/controllers/finance.go:128.2,132.46 3 1
keuangan-pribadi/controllers/finance.go:132.46,137.3 1 0
keuangan-pribadi/controllers/finance.go:139.2,140.57 2 1
keuangan-pribadi/controllers/finance.go:140.57,145.6 1 0
keuangan-pribadi/controllers/finance.go:147.2,149.16 2 1
keuangan-pribadi/controllers/finance.go:149.16,154.3 1 0
keuangan-pribadi/controllers/finance.go:156.2,160.4 1 1
keuangan-pribadi/controllers/finance.go:163.59,165.20 2 1
keuangan-pribadi/controllers/finance.go:165.20,170.6 1 1
keuangan-pribadi/controllers/finance.go:171.2,177.46 4 1
keuangan-pribadi/controllers/finance.go:177.46,182.3 1 0
keuangan-pribadi/controllers/finance.go:184.2,185.57 2 1
keuangan-pribadi/controllers/finance.go:185.57,190.6 1 0
keuangan-pribadi/controllers/finance.go:192.2,194.16 2 1
keuangan-pribadi/controllers/finance.go:194.16,199.3 1 1
keuangan-pribadi/controllers/finance.go:201.2,205.4 1 0
keuangan-pribadi/controllers/finance.go:208.59,210.20 2 1
keuangan-pribadi/controllers/finance.go:210.20,215.6 1 1
keuangan-pribadi/controllers/finance.go:216.2,222.16 4 1
keuangan-pribadi/controllers/finance.go:222.16,227.3 1 1
keuangan-pribadi/controllers/finance.go:229.2,232.4 1 0
keuangan-pribadi/controllers/saving.go:17.46,21.2 1 0
keuangan-pribadi/controllers/saving.go:23.58,25.20 2 0
keuangan-pribadi/controllers/saving.go:25.20,30.6 1 0
keuangan-pribadi/controllers/saving.go:31.2,35.16 3 0
keuangan-pribadi/controllers/saving.go:35.16,40.3 1 0
keuangan-pribadi/controllers/saving.go:42.2,46.4 1 0
keuangan-pribadi/controllers/saving.go:49.59,51.20 2 0
keuangan-pribadi/controllers/saving.go:51.20,56.6 1 0
keuangan-pribadi/controllers/saving.go:57.2,63.16 4 0
keuangan-pribadi/controllers/saving.go:63.16,68.3 1 0
keuangan-pribadi/controllers/saving.go:70.2,74.4 1 0
keuangan-pribadi/controllers/saving.go:77.58,79.20 2 0
keuangan-pribadi/controllers/saving.go:79.20,84.6 1 0
keuangan-pribadi/controllers/saving.go:85.2,89.45 3 0
keuangan-pribadi/controllers/saving.go:89.45,94.3 1 0
keuangan-pribadi/controllers/saving.go:96.2,97.56 2 0
keuangan-pribadi/controllers/saving.go:97.56,102.6 1 0
keuangan-pribadi/controllers/saving.go:104.2,106.16 2 0
keuangan-pribadi/controllers/saving.go:106.16,111.3 1 0
keuangan-pribadi/controllers/saving.go:113.2,117.4 1 0
keuangan-pribadi/controllers/saving.go:120.58,122.20 2 0
keuangan-pribadi/controllers/saving.go:122.20,127.6 1 0
keuangan-pribadi/controllers/saving.go:128.2,134.46 4 0
keuangan-pribadi/controllers/saving.go:134.46,139.3 1 0
keuangan-pribadi/controllers/saving.go:141.2,142.57 2 0
keuangan-pribadi/controllers/saving.go:142.57,147.6 1 0
keuangan-pribadi/controllers/saving.go:149.2,151.16 2 0
keuangan-pribadi/controllers/saving.go:151.16,156.3 1 0
keuangan-pribadi/controllers/saving.go:158.2,162.4 1 0
keuangan-pribadi/controllers/saving.go:165.58,167.20 2 0
keuangan-pribadi/controllers/saving.go:167.20,172.6 1 0
keuangan-pribadi/controllers/saving.go:173.2,179.16 4 0
keuangan-pribadi/controllers/saving.go:179.16,184.3 1 0
keuangan-pribadi/controllers/saving.go:186.2,189.4 1 0
keuangan-pribadi/controllers/user.go:17.42,21.2 1 1
keuangan-pribadi/controllers/user.go:23.60,28.16 3 1
keuangan-pribadi/controllers/user.go:28.16,33.3 1 1
keuangan-pribadi/controllers/user.go:35.2,39.4 1 1
keuangan-pribadi/controllers/user.go:42.58,45.43 2 1
keuangan-pribadi/controllers/user.go:45.43,50.3 1 0
keuangan-pribadi/controllers/user.go:52.2,53.54 2 1
keuangan-pribadi/controllers/user.go:53.54,58.6 1 1
keuangan-pribadi/controllers/user.go:60.2,62.16 2 1
keuangan-pribadi/controllers/user.go:62.16,67.3 1 0
keuangan-pribadi/controllers/user.go:69.2,73.4 1 1
keuangan-pribadi/controllers/user.go:76.55,79.43 2 1
keuangan-pribadi/controllers/user.go:79.43,84.3 1 0
keuangan-pribadi/controllers/user.go:86.2,87.54 2 1
keuangan-pribadi/controllers/user.go:87.54,92.6 1 1
keuangan-pribadi/controllers/user.go:94.2,95.16 2 1
keuangan-pribadi/controllers/user.go:95.16,100.3 1 1
keuangan-pribadi/controllers/user.go:102.2,106.4 1 0
keuangan-pribadi/controllers/user.go:109.56,111.20 2 1
keuangan-pribadi/controllers/user.go:111.20,116.6 1 1
keuangan-pribadi/controllers/user.go:117.2,121.43 3 1
keuangan-pribadi/controllers/user.go:121.43,126.3 1 0
keuangan-pribadi/controllers/user.go:128.2,129.54 2 1
keuangan-pribadi/controllers/user.go:129.54,134.6 1 0
keuangan-pribadi/controllers/user.go:136.2,138.16 2 1
keuangan-pribadi/controllers/user.go:138.16,143.3 1 0
keuangan-pribadi/controllers/user.go:145.2,149.4 1 1
